<?xml version="1.0" encoding="UTF-8"?>
<!-- Generated by org.testng.reporters.JUnitXMLReporter -->
<testsuite hostname="Sreeraj" ignored="0" name="Test" tests="4" failures="0" timestamp="2020-10-16T12:32:20 IST" time="26.64" errors="0">
  <testcase name="loginTest" time="3.775" classname="allureReports.ProviderRegister"/>
  <testcase name="ProviderClick" time="3.042" classname="allureReports.ProviderRegister"/>
  <testcase name="ProviderMandatoryFields" time="0.377" classname="allureReports.ProviderRegister"/>
  <testcase name="ProviderForm" time="10.406" classname="allureReports.ProviderRegister"/>
</testsuite> <!-- Test -->
